<?xml version="1.0" encoding="UTF-8"?>
<testsuite xmlns:xsi="http://www.w3.org/2001/XMLSchema-instance" xsi:noNamespaceSchemaLocation="https://maven.apache.org/surefire/maven-surefire-plugin/xsd/surefire-test-report.xsd" name="com.payu.application.ProxyAdapterPayuApplicationTests" time="6.963" tests="1" errors="0" skipped="0" failures="0">
  <properties>
    <property name="sun.desktop" value="windows"/>
    <property name="awt.toolkit" value="sun.awt.windows.WToolkit"/>
    <property name="file.encoding.pkg" value="sun.io"/>
    <property name="java.specification.version" value="1.8"/>
    <property name="sun.cpu.isalist" value="amd64"/>
    <property name="sun.jnu.encoding" value="Cp1252"/>
    <property name="java.class.path" value="D:\study\bully\proxy-adapter-payu\target\test-classes;D:\study\bully\proxy-adapter-payu\target\classes;D:\develop\maven\3.5.4\repository\org\springframework\boot\spring-boot-starter-web\2.1.4.RELEASE\spring-boot-starter-web-2.1.4.RELEASE.jar;D:\develop\maven\3.5.4\repository\org\springframework\boot\spring-boot-starter\2.1.4.RELEASE\spring-boot-starter-2.1.4.RELEASE.jar;D:\develop\maven\3.5.4\repository\org\springframework\boot\spring-boot\2.1.4.RELEASE\spring-boot-2.1.4.RELEASE.jar;D:\develop\maven\3.5.4\repository\org\springframework\boot\spring-boot-autoconfigure\2.1.4.RELEASE\spring-boot-autoconfigure-2.1.4.RELEASE.jar;D:\develop\maven\3.5.4\repository\org\springframework\boot\spring-boot-starter-logging\2.1.4.RELEASE\spring-boot-starter-logging-2.1.4.RELEASE.jar;D:\develop\maven\3.5.4\repository\ch\qos\logback\logback-classic\1.2.3\logback-classic-1.2.3.jar;D:\develop\maven\3.5.4\repository\ch\qos\logback\logback-core\1.2.3\logback-core-1.2.3.jar;D:\develop\maven\3.5.4\repository\org\apache\logging\log4j\log4j-to-slf4j\2.11.2\log4j-to-slf4j-2.11.2.jar;D:\develop\maven\3.5.4\repository\org\apache\logging\log4j\log4j-api\2.11.2\log4j-api-2.11.2.jar;D:\develop\maven\3.5.4\repository\org\slf4j\jul-to-slf4j\1.7.26\jul-to-slf4j-1.7.26.jar;D:\develop\maven\3.5.4\repository\javax\annotation\javax.annotation-api\1.3.2\javax.annotation-api-1.3.2.jar;D:\develop\maven\3.5.4\repository\org\yaml\snakeyaml\1.23\snakeyaml-1.23.jar;D:\develop\maven\3.5.4\repository\org\springframework\boot\spring-boot-starter-json\2.1.4.RELEASE\spring-boot-starter-json-2.1.4.RELEASE.jar;D:\develop\maven\3.5.4\repository\com\fasterxml\jackson\core\jackson-databind\2.9.8\jackson-databind-2.9.8.jar;D:\develop\maven\3.5.4\repository\com\fasterxml\jackson\core\jackson-annotations\2.9.0\jackson-annotations-2.9.0.jar;D:\develop\maven\3.5.4\repository\com\fasterxml\jackson\core\jackson-core\2.9.8\jackson-core-2.9.8.jar;D:\develop\maven\3.5.4\repository\com\fasterxml\jackson\datatype\jackson-datatype-jdk8\2.9.8\jackson-datatype-jdk8-2.9.8.jar;D:\develop\maven\3.5.4\repository\com\fasterxml\jackson\datatype\jackson-datatype-jsr310\2.9.8\jackson-datatype-jsr310-2.9.8.jar;D:\develop\maven\3.5.4\repository\com\fasterxml\jackson\module\jackson-module-parameter-names\2.9.8\jackson-module-parameter-names-2.9.8.jar;D:\develop\maven\3.5.4\repository\org\springframework\boot\spring-boot-starter-tomcat\2.1.4.RELEASE\spring-boot-starter-tomcat-2.1.4.RELEASE.jar;D:\develop\maven\3.5.4\repository\org\apache\tomcat\embed\tomcat-embed-core\9.0.17\tomcat-embed-core-9.0.17.jar;D:\develop\maven\3.5.4\repository\org\apache\tomcat\embed\tomcat-embed-el\9.0.17\tomcat-embed-el-9.0.17.jar;D:\develop\maven\3.5.4\repository\org\apache\tomcat\embed\tomcat-embed-websocket\9.0.17\tomcat-embed-websocket-9.0.17.jar;D:\develop\maven\3.5.4\repository\org\hibernate\validator\hibernate-validator\6.0.16.Final\hibernate-validator-6.0.16.Final.jar;D:\develop\maven\3.5.4\repository\javax\validation\validation-api\2.0.1.Final\validation-api-2.0.1.Final.jar;D:\develop\maven\3.5.4\repository\org\jboss\logging\jboss-logging\3.3.2.Final\jboss-logging-3.3.2.Final.jar;D:\develop\maven\3.5.4\repository\com\fasterxml\classmate\1.4.0\classmate-1.4.0.jar;D:\develop\maven\3.5.4\repository\org\springframework\spring-web\5.1.6.RELEASE\spring-web-5.1.6.RELEASE.jar;D:\develop\maven\3.5.4\repository\org\springframework\spring-beans\5.1.6.RELEASE\spring-beans-5.1.6.RELEASE.jar;D:\develop\maven\3.5.4\repository\org\springframework\spring-webmvc\5.1.6.RELEASE\spring-webmvc-5.1.6.RELEASE.jar;D:\develop\maven\3.5.4\repository\org\springframework\spring-aop\5.1.6.RELEASE\spring-aop-5.1.6.RELEASE.jar;D:\develop\maven\3.5.4\repository\org\springframework\spring-context\5.1.6.RELEASE\spring-context-5.1.6.RELEASE.jar;D:\develop\maven\3.5.4\repository\org\springframework\spring-expression\5.1.6.RELEASE\spring-expression-5.1.6.RELEASE.jar;D:\develop\maven\3.5.4\repository\org\springframework\cloud\spring-cloud-starter-openfeign\2.1.1.RELEASE\spring-cloud-starter-openfeign-2.1.1.RELEASE.jar;D:\develop\maven\3.5.4\repository\org\springframework\cloud\spring-cloud-starter\2.1.1.RELEASE\spring-cloud-starter-2.1.1.RELEASE.jar;D:\develop\maven\3.5.4\repository\org\springframework\cloud\spring-cloud-context\2.1.1.RELEASE\spring-cloud-context-2.1.1.RELEASE.jar;D:\develop\maven\3.5.4\repository\org\springframework\security\spring-security-rsa\1.0.7.RELEASE\spring-security-rsa-1.0.7.RELEASE.jar;D:\develop\maven\3.5.4\repository\org\bouncycastle\bcpkix-jdk15on\1.60\bcpkix-jdk15on-1.60.jar;D:\develop\maven\3.5.4\repository\org\bouncycastle\bcprov-jdk15on\1.60\bcprov-jdk15on-1.60.jar;D:\develop\maven\3.5.4\repository\org\springframework\cloud\spring-cloud-openfeign-core\2.1.1.RELEASE\spring-cloud-openfeign-core-2.1.1.RELEASE.jar;D:\develop\maven\3.5.4\repository\org\springframework\cloud\spring-cloud-netflix-ribbon\2.1.1.RELEASE\spring-cloud-netflix-ribbon-2.1.1.RELEASE.jar;D:\develop\maven\3.5.4\repository\org\springframework\cloud\spring-cloud-netflix-archaius\2.1.1.RELEASE\spring-cloud-netflix-archaius-2.1.1.RELEASE.jar;D:\develop\maven\3.5.4\repository\org\springframework\boot\spring-boot-starter-aop\2.1.4.RELEASE\spring-boot-starter-aop-2.1.4.RELEASE.jar;D:\develop\maven\3.5.4\repository\org\aspectj\aspectjweaver\1.9.2\aspectjweaver-1.9.2.jar;D:\develop\maven\3.5.4\repository\io\github\openfeign\form\feign-form-spring\3.5.0\feign-form-spring-3.5.0.jar;D:\develop\maven\3.5.4\repository\io\github\openfeign\form\feign-form\3.5.0\feign-form-3.5.0.jar;D:\develop\maven\3.5.4\repository\commons-fileupload\commons-fileupload\1.3.3\commons-fileupload-1.3.3.jar;D:\develop\maven\3.5.4\repository\commons-io\commons-io\2.2\commons-io-2.2.jar;D:\develop\maven\3.5.4\repository\org\springframework\cloud\spring-cloud-commons\2.1.1.RELEASE\spring-cloud-commons-2.1.1.RELEASE.jar;D:\develop\maven\3.5.4\repository\org\springframework\security\spring-security-crypto\5.1.5.RELEASE\spring-security-crypto-5.1.5.RELEASE.jar;D:\develop\maven\3.5.4\repository\io\github\openfeign\feign-core\10.1.0\feign-core-10.1.0.jar;D:\develop\maven\3.5.4\repository\io\github\openfeign\feign-slf4j\10.1.0\feign-slf4j-10.1.0.jar;D:\develop\maven\3.5.4\repository\org\slf4j\slf4j-api\1.7.26\slf4j-api-1.7.26.jar;D:\develop\maven\3.5.4\repository\io\github\openfeign\feign-hystrix\10.1.0\feign-hystrix-10.1.0.jar;D:\develop\maven\3.5.4\repository\com\netflix\archaius\archaius-core\0.7.6\archaius-core-0.7.6.jar;D:\develop\maven\3.5.4\repository\com\google\code\findbugs\jsr305\3.0.1\jsr305-3.0.1.jar;D:\develop\maven\3.5.4\repository\commons-configuration\commons-configuration\1.8\commons-configuration-1.8.jar;D:\develop\maven\3.5.4\repository\commons-lang\commons-lang\2.6\commons-lang-2.6.jar;D:\develop\maven\3.5.4\repository\com\google\guava\guava\16.0\guava-16.0.jar;D:\develop\maven\3.5.4\repository\com\netflix\hystrix\hystrix-core\1.5.18\hystrix-core-1.5.18.jar;D:\develop\maven\3.5.4\repository\io\reactivex\rxjava\1.3.8\rxjava-1.3.8.jar;D:\develop\maven\3.5.4\repository\org\hdrhistogram\HdrHistogram\2.1.9\HdrHistogram-2.1.9.jar;D:\develop\maven\3.5.4\repository\org\springframework\boot\spring-boot-starter-test\2.1.4.RELEASE\spring-boot-starter-test-2.1.4.RELEASE.jar;D:\develop\maven\3.5.4\repository\org\springframework\boot\spring-boot-test\2.1.4.RELEASE\spring-boot-test-2.1.4.RELEASE.jar;D:\develop\maven\3.5.4\repository\org\springframework\boot\spring-boot-test-autoconfigure\2.1.4.RELEASE\spring-boot-test-autoconfigure-2.1.4.RELEASE.jar;D:\develop\maven\3.5.4\repository\com\jayway\jsonpath\json-path\2.4.0\json-path-2.4.0.jar;D:\develop\maven\3.5.4\repository\net\minidev\json-smart\2.3\json-smart-2.3.jar;D:\develop\maven\3.5.4\repository\net\minidev\accessors-smart\1.2\accessors-smart-1.2.jar;D:\develop\maven\3.5.4\repository\org\ow2\asm\asm\5.0.4\asm-5.0.4.jar;D:\develop\maven\3.5.4\repository\junit\junit\4.12\junit-4.12.jar;D:\develop\maven\3.5.4\repository\org\assertj\assertj-core\3.11.1\assertj-core-3.11.1.jar;D:\develop\maven\3.5.4\repository\org\mockito\mockito-core\2.23.4\mockito-core-2.23.4.jar;D:\develop\maven\3.5.4\repository\net\bytebuddy\byte-buddy\1.9.12\byte-buddy-1.9.12.jar;D:\develop\maven\3.5.4\repository\net\bytebuddy\byte-buddy-agent\1.9.12\byte-buddy-agent-1.9.12.jar;D:\develop\maven\3.5.4\repository\org\objenesis\objenesis\2.6\objenesis-2.6.jar;D:\develop\maven\3.5.4\repository\org\hamcrest\hamcrest-core\1.3\hamcrest-core-1.3.jar;D:\develop\maven\3.5.4\repository\org\hamcrest\hamcrest-library\1.3\hamcrest-library-1.3.jar;D:\develop\maven\3.5.4\repository\org\skyscreamer\jsonassert\1.5.0\jsonassert-1.5.0.jar;D:\develop\maven\3.5.4\repository\com\vaadin\external\google\android-json\0.0.20131108.vaadin1\android-json-0.0.20131108.vaadin1.jar;D:\develop\maven\3.5.4\repository\org\springframework\spring-core\5.1.6.RELEASE\spring-core-5.1.6.RELEASE.jar;D:\develop\maven\3.5.4\repository\org\springframework\spring-jcl\5.1.6.RELEASE\spring-jcl-5.1.6.RELEASE.jar;D:\develop\maven\3.5.4\repository\org\springframework\spring-test\5.1.6.RELEASE\spring-test-5.1.6.RELEASE.jar;D:\develop\maven\3.5.4\repository\org\xmlunit\xmlunit-core\2.6.2\xmlunit-core-2.6.2.jar;D:\develop\maven\3.5.4\repository\com\squareup\retrofit2\retrofit\2.4.0\retrofit-2.4.0.jar;D:\develop\maven\3.5.4\repository\com\squareup\okhttp3\okhttp\3.8.1\okhttp-3.8.1.jar;D:\develop\maven\3.5.4\repository\com\squareup\okio\okio\1.13.0\okio-1.13.0.jar;D:\develop\maven\3.5.4\repository\com\squareup\retrofit2\converter-gson\2.4.0\converter-gson-2.4.0.jar;D:\develop\maven\3.5.4\repository\com\google\code\gson\gson\2.8.5\gson-2.8.5.jar;"/>
    <property name="java.vm.vendor" value="Oracle Corporation"/>
    <property name="sun.arch.data.model" value="64"/>
    <property name="user.variant" value=""/>
    <property name="java.vendor.url" value="http://java.oracle.com/"/>
    <property name="user.timezone" value="America/Bogota"/>
    <property name="java.vm.specification.version" value="1.8"/>
    <property name="os.name" value="Windows 10"/>
    <property name="user.country" value="CO"/>
    <property name="sun.java.launcher" value="SUN_STANDARD"/>
    <property name="sun.boot.library.path" value="C:\Program Files\Java\jdk1.8.0_112\jre\bin"/>
    <property name="sun.java.command" value="C:\Users\DAVID~1.ESP\AppData\Local\Temp\1\surefire1214424616761611961\surefirebooter3923125834203987682.jar C:\Users\david.espitia\AppData\Local\Temp\1\surefire1214424616761611961 2019-04-05T11-47-42_464-jvmRun1 surefire1795721947835138209tmp surefire_05327388361778617871tmp"/>
    <property name="surefire.test.class.path" value="D:\study\bully\proxy-adapter-payu\target\test-classes;D:\study\bully\proxy-adapter-payu\target\classes;D:\develop\maven\3.5.4\repository\org\springframework\boot\spring-boot-starter-web\2.1.4.RELEASE\spring-boot-starter-web-2.1.4.RELEASE.jar;D:\develop\maven\3.5.4\repository\org\springframework\boot\spring-boot-starter\2.1.4.RELEASE\spring-boot-starter-2.1.4.RELEASE.jar;D:\develop\maven\3.5.4\repository\org\springframework\boot\spring-boot\2.1.4.RELEASE\spring-boot-2.1.4.RELEASE.jar;D:\develop\maven\3.5.4\repository\org\springframework\boot\spring-boot-autoconfigure\2.1.4.RELEASE\spring-boot-autoconfigure-2.1.4.RELEASE.jar;D:\develop\maven\3.5.4\repository\org\springframework\boot\spring-boot-starter-logging\2.1.4.RELEASE\spring-boot-starter-logging-2.1.4.RELEASE.jar;D:\develop\maven\3.5.4\repository\ch\qos\logback\logback-classic\1.2.3\logback-classic-1.2.3.jar;D:\develop\maven\3.5.4\repository\ch\qos\logback\logback-core\1.2.3\logback-core-1.2.3.jar;D:\develop\maven\3.5.4\repository\org\apache\logging\log4j\log4j-to-slf4j\2.11.2\log4j-to-slf4j-2.11.2.jar;D:\develop\maven\3.5.4\repository\org\apache\logging\log4j\log4j-api\2.11.2\log4j-api-2.11.2.jar;D:\develop\maven\3.5.4\repository\org\slf4j\jul-to-slf4j\1.7.26\jul-to-slf4j-1.7.26.jar;D:\develop\maven\3.5.4\repository\javax\annotation\javax.annotation-api\1.3.2\javax.annotation-api-1.3.2.jar;D:\develop\maven\3.5.4\repository\org\yaml\snakeyaml\1.23\snakeyaml-1.23.jar;D:\develop\maven\3.5.4\repository\org\springframework\boot\spring-boot-starter-json\2.1.4.RELEASE\spring-boot-starter-json-2.1.4.RELEASE.jar;D:\develop\maven\3.5.4\repository\com\fasterxml\jackson\core\jackson-databind\2.9.8\jackson-databind-2.9.8.jar;D:\develop\maven\3.5.4\repository\com\fasterxml\jackson\core\jackson-annotations\2.9.0\jackson-annotations-2.9.0.jar;D:\develop\maven\3.5.4\repository\com\fasterxml\jackson\core\jackson-core\2.9.8\jackson-core-2.9.8.jar;D:\develop\maven\3.5.4\repository\com\fasterxml\jackson\datatype\jackson-datatype-jdk8\2.9.8\jackson-datatype-jdk8-2.9.8.jar;D:\develop\maven\3.5.4\repository\com\fasterxml\jackson\datatype\jackson-datatype-jsr310\2.9.8\jackson-datatype-jsr310-2.9.8.jar;D:\develop\maven\3.5.4\repository\com\fasterxml\jackson\module\jackson-module-parameter-names\2.9.8\jackson-module-parameter-names-2.9.8.jar;D:\develop\maven\3.5.4\repository\org\springframework\boot\spring-boot-starter-tomcat\2.1.4.RELEASE\spring-boot-starter-tomcat-2.1.4.RELEASE.jar;D:\develop\maven\3.5.4\repository\org\apache\tomcat\embed\tomcat-embed-core\9.0.17\tomcat-embed-core-9.0.17.jar;D:\develop\maven\3.5.4\repository\org\apache\tomcat\embed\tomcat-embed-el\9.0.17\tomcat-embed-el-9.0.17.jar;D:\develop\maven\3.5.4\repository\org\apache\tomcat\embed\tomcat-embed-websocket\9.0.17\tomcat-embed-websocket-9.0.17.jar;D:\develop\maven\3.5.4\repository\org\hibernate\validator\hibernate-validator\6.0.16.Final\hibernate-validator-6.0.16.Final.jar;D:\develop\maven\3.5.4\repository\javax\validation\validation-api\2.0.1.Final\validation-api-2.0.1.Final.jar;D:\develop\maven\3.5.4\repository\org\jboss\logging\jboss-logging\3.3.2.Final\jboss-logging-3.3.2.Final.jar;D:\develop\maven\3.5.4\repository\com\fasterxml\classmate\1.4.0\classmate-1.4.0.jar;D:\develop\maven\3.5.4\repository\org\springframework\spring-web\5.1.6.RELEASE\spring-web-5.1.6.RELEASE.jar;D:\develop\maven\3.5.4\repository\org\springframework\spring-beans\5.1.6.RELEASE\spring-beans-5.1.6.RELEASE.jar;D:\develop\maven\3.5.4\repository\org\springframework\spring-webmvc\5.1.6.RELEASE\spring-webmvc-5.1.6.RELEASE.jar;D:\develop\maven\3.5.4\repository\org\springframework\spring-aop\5.1.6.RELEASE\spring-aop-5.1.6.RELEASE.jar;D:\develop\maven\3.5.4\repository\org\springframework\spring-context\5.1.6.RELEASE\spring-context-5.1.6.RELEASE.jar;D:\develop\maven\3.5.4\repository\org\springframework\spring-expression\5.1.6.RELEASE\spring-expression-5.1.6.RELEASE.jar;D:\develop\maven\3.5.4\repository\org\springframework\cloud\spring-cloud-starter-openfeign\2.1.1.RELEASE\spring-cloud-starter-openfeign-2.1.1.RELEASE.jar;D:\develop\maven\3.5.4\repository\org\springframework\cloud\spring-cloud-starter\2.1.1.RELEASE\spring-cloud-starter-2.1.1.RELEASE.jar;D:\develop\maven\3.5.4\repository\org\springframework\cloud\spring-cloud-context\2.1.1.RELEASE\spring-cloud-context-2.1.1.RELEASE.jar;D:\develop\maven\3.5.4\repository\org\springframework\security\spring-security-rsa\1.0.7.RELEASE\spring-security-rsa-1.0.7.RELEASE.jar;D:\develop\maven\3.5.4\repository\org\bouncycastle\bcpkix-jdk15on\1.60\bcpkix-jdk15on-1.60.jar;D:\develop\maven\3.5.4\repository\org\bouncycastle\bcprov-jdk15on\1.60\bcprov-jdk15on-1.60.jar;D:\develop\maven\3.5.4\repository\org\springframework\cloud\spring-cloud-openfeign-core\2.1.1.RELEASE\spring-cloud-openfeign-core-2.1.1.RELEASE.jar;D:\develop\maven\3.5.4\repository\org\springframework\cloud\spring-cloud-netflix-ribbon\2.1.1.RELEASE\spring-cloud-netflix-ribbon-2.1.1.RELEASE.jar;D:\develop\maven\3.5.4\repository\org\springframework\cloud\spring-cloud-netflix-archaius\2.1.1.RELEASE\spring-cloud-netflix-archaius-2.1.1.RELEASE.jar;D:\develop\maven\3.5.4\repository\org\springframework\boot\spring-boot-starter-aop\2.1.4.RELEASE\spring-boot-starter-aop-2.1.4.RELEASE.jar;D:\develop\maven\3.5.4\repository\org\aspectj\aspectjweaver\1.9.2\aspectjweaver-1.9.2.jar;D:\develop\maven\3.5.4\repository\io\github\openfeign\form\feign-form-spring\3.5.0\feign-form-spring-3.5.0.jar;D:\develop\maven\3.5.4\repository\io\github\openfeign\form\feign-form\3.5.0\feign-form-3.5.0.jar;D:\develop\maven\3.5.4\repository\commons-fileupload\commons-fileupload\1.3.3\commons-fileupload-1.3.3.jar;D:\develop\maven\3.5.4\repository\commons-io\commons-io\2.2\commons-io-2.2.jar;D:\develop\maven\3.5.4\repository\org\springframework\cloud\spring-cloud-commons\2.1.1.RELEASE\spring-cloud-commons-2.1.1.RELEASE.jar;D:\develop\maven\3.5.4\repository\org\springframework\security\spring-security-crypto\5.1.5.RELEASE\spring-security-crypto-5.1.5.RELEASE.jar;D:\develop\maven\3.5.4\repository\io\github\openfeign\feign-core\10.1.0\feign-core-10.1.0.jar;D:\develop\maven\3.5.4\repository\io\github\openfeign\feign-slf4j\10.1.0\feign-slf4j-10.1.0.jar;D:\develop\maven\3.5.4\repository\org\slf4j\slf4j-api\1.7.26\slf4j-api-1.7.26.jar;D:\develop\maven\3.5.4\repository\io\github\openfeign\feign-hystrix\10.1.0\feign-hystrix-10.1.0.jar;D:\develop\maven\3.5.4\repository\com\netflix\archaius\archaius-core\0.7.6\archaius-core-0.7.6.jar;D:\develop\maven\3.5.4\repository\com\google\code\findbugs\jsr305\3.0.1\jsr305-3.0.1.jar;D:\develop\maven\3.5.4\repository\commons-configuration\commons-configuration\1.8\commons-configuration-1.8.jar;D:\develop\maven\3.5.4\repository\commons-lang\commons-lang\2.6\commons-lang-2.6.jar;D:\develop\maven\3.5.4\repository\com\google\guava\guava\16.0\guava-16.0.jar;D:\develop\maven\3.5.4\repository\com\netflix\hystrix\hystrix-core\1.5.18\hystrix-core-1.5.18.jar;D:\develop\maven\3.5.4\repository\io\reactivex\rxjava\1.3.8\rxjava-1.3.8.jar;D:\develop\maven\3.5.4\repository\org\hdrhistogram\HdrHistogram\2.1.9\HdrHistogram-2.1.9.jar;D:\develop\maven\3.5.4\repository\org\springframework\boot\spring-boot-starter-test\2.1.4.RELEASE\spring-boot-starter-test-2.1.4.RELEASE.jar;D:\develop\maven\3.5.4\repository\org\springframework\boot\spring-boot-test\2.1.4.RELEASE\spring-boot-test-2.1.4.RELEASE.jar;D:\develop\maven\3.5.4\repository\org\springframework\boot\spring-boot-test-autoconfigure\2.1.4.RELEASE\spring-boot-test-autoconfigure-2.1.4.RELEASE.jar;D:\develop\maven\3.5.4\repository\com\jayway\jsonpath\json-path\2.4.0\json-path-2.4.0.jar;D:\develop\maven\3.5.4\repository\net\minidev\json-smart\2.3\json-smart-2.3.jar;D:\develop\maven\3.5.4\repository\net\minidev\accessors-smart\1.2\accessors-smart-1.2.jar;D:\develop\maven\3.5.4\repository\org\ow2\asm\asm\5.0.4\asm-5.0.4.jar;D:\develop\maven\3.5.4\repository\junit\junit\4.12\junit-4.12.jar;D:\develop\maven\3.5.4\repository\org\assertj\assertj-core\3.11.1\assertj-core-3.11.1.jar;D:\develop\maven\3.5.4\repository\org\mockito\mockito-core\2.23.4\mockito-core-2.23.4.jar;D:\develop\maven\3.5.4\repository\net\bytebuddy\byte-buddy\1.9.12\byte-buddy-1.9.12.jar;D:\develop\maven\3.5.4\repository\net\bytebuddy\byte-buddy-agent\1.9.12\byte-buddy-agent-1.9.12.jar;D:\develop\maven\3.5.4\repository\org\objenesis\objenesis\2.6\objenesis-2.6.jar;D:\develop\maven\3.5.4\repository\org\hamcrest\hamcrest-core\1.3\hamcrest-core-1.3.jar;D:\develop\maven\3.5.4\repository\org\hamcrest\hamcrest-library\1.3\hamcrest-library-1.3.jar;D:\develop\maven\3.5.4\repository\org\skyscreamer\jsonassert\1.5.0\jsonassert-1.5.0.jar;D:\develop\maven\3.5.4\repository\com\vaadin\external\google\android-json\0.0.20131108.vaadin1\android-json-0.0.20131108.vaadin1.jar;D:\develop\maven\3.5.4\repository\org\springframework\spring-core\5.1.6.RELEASE\spring-core-5.1.6.RELEASE.jar;D:\develop\maven\3.5.4\repository\org\springframework\spring-jcl\5.1.6.RELEASE\spring-jcl-5.1.6.RELEASE.jar;D:\develop\maven\3.5.4\repository\org\springframework\spring-test\5.1.6.RELEASE\spring-test-5.1.6.RELEASE.jar;D:\develop\maven\3.5.4\repository\org\xmlunit\xmlunit-core\2.6.2\xmlunit-core-2.6.2.jar;D:\develop\maven\3.5.4\repository\com\squareup\retrofit2\retrofit\2.4.0\retrofit-2.4.0.jar;D:\develop\maven\3.5.4\repository\com\squareup\okhttp3\okhttp\3.8.1\okhttp-3.8.1.jar;D:\develop\maven\3.5.4\repository\com\squareup\okio\okio\1.13.0\okio-1.13.0.jar;D:\develop\maven\3.5.4\repository\com\squareup\retrofit2\converter-gson\2.4.0\converter-gson-2.4.0.jar;D:\develop\maven\3.5.4\repository\com\google\code\gson\gson\2.8.5\gson-2.8.5.jar;"/>
    <property name="sun.cpu.endian" value="little"/>
    <property name="user.home" value="C:\Users\david.espitia"/>
    <property name="user.language" value="es"/>
    <property name="java.specification.vendor" value="Oracle Corporation"/>
    <property name="java.home" value="C:\Program Files\Java\jdk1.8.0_112\jre"/>
    <property name="basedir" value="D:\study\bully\proxy-adapter-payu"/>
    <property name="file.separator" value="\"/>
    <property name="line.separator" value="&#10;"/>
    <property name="java.vm.specification.vendor" value="Oracle Corporation"/>
    <property name="java.specification.name" value="Java Platform API Specification"/>
    <property name="java.awt.graphicsenv" value="sun.awt.Win32GraphicsEnvironment"/>
    <property name="surefire.real.class.path" value="C:\Users\DAVID~1.ESP\AppData\Local\Temp\1\surefire1214424616761611961\surefirebooter3923125834203987682.jar"/>
    <property name="sun.boot.class.path" value="C:\Program Files\Java\jdk1.8.0_112\jre\lib\resources.jar;C:\Program Files\Java\jdk1.8.0_112\jre\lib\rt.jar;C:\Program Files\Java\jdk1.8.0_112\jre\lib\sunrsasign.jar;C:\Program Files\Java\jdk1.8.0_112\jre\lib\jsse.jar;C:\Program Files\Java\jdk1.8.0_112\jre\lib\jce.jar;C:\Program Files\Java\jdk1.8.0_112\jre\lib\charsets.jar;C:\Program Files\Java\jdk1.8.0_112\jre\lib\jfr.jar;C:\Program Files\Java\jdk1.8.0_112\jre\classes"/>
    <property name="user.script" value=""/>
    <property name="sun.management.compiler" value="HotSpot 64-Bit Tiered Compilers"/>
    <property name="java.runtime.version" value="1.8.0_112-b15"/>
    <property name="user.name" value="DAVID.ESPITIA"/>
    <property name="path.separator" value=";"/>
    <property name="os.version" value="10.0"/>
    <property name="java.endorsed.dirs" value="C:\Program Files\Java\jdk1.8.0_112\jre\lib\endorsed"/>
    <property name="java.runtime.name" value="Java(TM) SE Runtime Environment"/>
    <property name="file.encoding" value="Cp1252"/>
    <property name="java.vm.name" value="Java HotSpot(TM) 64-Bit Server VM"/>
    <property name="localRepository" value="D:\develop\maven\3.5.4\repository"/>
    <property name="java.vendor.url.bug" value="http://bugreport.sun.com/bugreport/"/>
    <property name="java.io.tmpdir" value="C:\Users\DAVID~1.ESP\AppData\Local\Temp\1\"/>
    <property name="java.version" value="1.8.0_112"/>
    <property name="user.dir" value="D:\study\bully\proxy-adapter-payu"/>
    <property name="os.arch" value="amd64"/>
    <property name="java.vm.specification.name" value="Java Virtual Machine Specification"/>
    <property name="java.awt.printerjob" value="sun.awt.windows.WPrinterJob"/>
    <property name="sun.os.patch.level" value=""/>
    <property name="java.library.path" value="C:\Program Files\Java\jdk1.8.0_112\jre\bin;C:\WINDOWS\Sun\Java\bin;C:\WINDOWS\system32;C:\WINDOWS;C:\Program Files\Git\mingw64\bin;C:\Program Files\Git\usr\bin;C:\Users\david.espitia\bin;C:\ProgramData\DockerDesktop\version-bin;C:\Program Files\Docker\Docker\Resources\bin;C:\Program Files\Docker\Docker\resources\bin;C:\Program Files\Java\jdk1.8.0_112\bin;C:\Program Files (x86)\Intel\iCLS Client;C:\Program Files\Intel\iCLS Client;C:\WINDOWS\system32;C:\WINDOWS;C:\WINDOWS\System32\Wbem;C:\WINDOWS\System32\WindowsPowerShell\v1.0;C:\Program Files (x86)\Intel\Intel(R) Management Engine Components\DAL;C:\Program Files\Intel\Intel(R) Management Engine Components\DAL;C:\Program Files (x86)\Intel\Intel(R) Management Engine Components\IPT;C:\Program Files\Intel\Intel(R) Management Engine Components\IPT;C:\HashiCorp\Vagrant\bin;C:\Go\bin;C:\WINDOWS\System32\OpenSSH;C:\Program Files\Git\cmd;C:\Program Files\nodejs;C:\Users\david.espitia\AppData\Local\Microsoft\WindowsApps;C:\Program Files\Java\jdk1.8.0_112\bin;D:\develop\maven\3.5.4\bin;D:\develop\houston\alexandria\1.3.0.RC1\conf;D:\develop\houston\uts\1.0.8.RC1\conf;C:\Users\david.espitia\AppData\Roaming\npm;D:\develop\houston\tools\activemq\5.13.2\bin;D:\develop\sbt\0.13.16\bin;C:\Users\david.espitia\go\bin;C:\Go\bin;C:\Program Files (x86)\GnuWin32\bin;D:\develop\cluster_home;."/>
    <property name="java.vm.info" value="mixed mode"/>
    <property name="java.vendor" value="Oracle Corporation"/>
    <property name="java.vm.version" value="25.112-b15"/>
    <property name="java.ext.dirs" value="C:\Program Files\Java\jdk1.8.0_112\jre\lib\ext;C:\WINDOWS\Sun\Java\lib\ext"/>
    <property name="sun.io.unicode.encoding" value="UnicodeLittle"/>
    <property name="java.class.version" value="52.0"/>
  </properties>
  <testcase name="contextLoads" classname="com.payu.application.ProxyAdapterPayuApplicationTests" time="0.225"/>
</testsuite>